=== Job Info ===
Job ID:  4230807
Node:    cc21cluster22
Python:  /work/rintaro-k/.pyenv/shims/python3 (Python 3.10.19)
================
トークン数: 5
リポジトリ数: 260
既存結果: 208 件を再利用 / 52 件を再取得
[1/260] lovell/detect-libc: スキップ (ok 済み)
[2/260] jkyberneees/0http: スキップ (ok 済み)
[3/260] netreconlab/parse-server-any-analytics-adapter: スキップ (ok 済み)
[4/260] nodeshift/faas-js-runtime: runtime=10, dev=12 (ok)
[5/260] nodeshift/kube-service-bindings: スキップ (ok 済み)
[6/260] saneef/eleventy-plugin-asciidoc: スキップ (ok 済み)
[7/260] stephenyeargin/hubot-grafana: スキップ (ok 済み)
[8/260] evervault/evervault-node: スキップ (ok 済み)
[9/260] ljharb/shell-quote: runtime=0, dev=11 (ok)
[10/260] oculus42/short-uuid: スキップ (ok 済み)
[11/260] es-shims/string.prototype.padstart: スキップ (ok 済み)
[12/260] es-shims/string.prototype.trim: スキップ (ok 済み)
[13/260] jojoee/leo-profanity: スキップ (ok 済み)
[14/260] piecioshka/brute-force-generator: runtime=1, dev=3 (ok)
[15/260] sercheo87/convert-postman-jmeter: スキップ (ok 済み)
[16/260] browserify/browserify-sign: スキップ (ok 済み)
[17/260] node-oauth/express-oauth-server: スキップ (ok 済み)
[18/260] browserify/crypto-browserify: スキップ (ok 済み)
  401 認証エラー (attempt 1): DavideViolante/useragents-me-api — トークンを切り替えて再試行
  トークン[3] (GITHUB_TOKEN_4) を無効としてマーク (残り有効: 4)
[19/260] DavideViolante/useragents-me-api: runtime=2, dev=5 (ok)
[20/260] tape-testing/tape: スキップ (ok 済み)
[21/260] DavideViolante/weird-to-normal-chars: スキップ (ok 済み)
[22/260] semantic-release/issue-parser: スキップ (ok 済み)
[23/260] mastercard/insomnia-plugin-mastercard-auth: スキップ (ok 済み)
[24/260] es-shims/object.getownpropertydescriptors: runtime=8, dev=14 (ok)
[25/260] pillarjs/send: スキップ (ok 済み)
[26/260] inspect-js/object-inspect: スキップ (ok 済み)
[27/260] shamil/socket.io-prometheus: スキップ (ok 済み)
[28/260] jshttp/on-finished: スキップ (ok 済み)
[29/260] eugeneware/unique-stream: runtime=2, dev=4 (ok)
[30/260] ladjs/web: スキップ (ok 済み)
[31/260] launchdarkly/js-eventsource: スキップ (ok 済み)
[32/260] dwyl/hapi-auth-jwt2: スキップ (ok 済み)
[33/260] vkarpov15/kareem: スキップ (ok 済み)
[34/260] pillarjs/encodeurl: runtime=0, dev=8 (ok)
[35/260] pillarjs/finalhandler: スキップ (ok 済み)
[36/260] heroku/node-heroku-client: スキップ (ok 済み)
[37/260] SuitestAutomation/suitest-js-api: スキップ (ok 済み)
[38/260] browserify/hash-base: スキップ (ok 済み)
[39/260] the-sz/TrackViewer: runtime=1, dev=8 (ok)
[40/260] aliyun/darabonba-typescript-generator: スキップ (ok 済み)
[41/260] dougmoscrop/serverless-plugin-log-subscription: スキップ (ok 済み)
[42/260] kt3k/bulbo: スキップ (ok 済み)
[43/260] ifwe/monocle-api: スキップ (ok 済み)
[44/260] airpixelspro/expressss: runtime=27, dev=16 (ok)
[45/260] rowanmanning/feed-parser: スキップ (ok 済み)
[46/260] apigee/openapi2apigee: スキップ (ok 済み)
[47/260] expressjs/cookie-parser: スキップ (ok 済み)
[48/260] expressjs/serve-favicon: スキップ (ok 済み)
[49/260] brianc/node-pg-types: runtime=7, dev=9 (ok)
[50/260] lfortin/node-os-monitor: スキップ (ok 済み)
[51/260] yahoo/ycb: スキップ (ok 済み)
[52/260] sap/cf-nodejs-logging-support: スキップ (ok 済み)
[53/260] gulpjs/gulp-cli: スキップ (ok 済み)
[54/260] jshttp/on-headers: runtime=0, dev=10 (ok)
[55/260] homebridge/dbus-native: スキップ (ok 済み)
[56/260] browserify/to-buffer: スキップ (ok 済み)
[57/260] expressjs/morgan: スキップ (ok 済み)
[58/260] jshttp/negotiator: スキップ (ok 済み)
[59/260] mastercard/oauth1-signer-nodejs: runtime=0, dev=5 (ok)
[60/260] kenany/chemical-formula: スキップ (ok 済み)
[61/260] browserify/ripemd160: スキップ (ok 済み)
[62/260] AxiosLeo/node-orm-mysql: スキップ (ok 済み)
[63/260] w3c/insafe: スキップ (ok 済み)
[64/260] niksy/stylelint-no-unresolved-module: runtime=6, dev=33 (ok)
[65/260] auth0/auth0-checkmate: スキップ (ok 済み)
[66/260] HenkerX64/node-steam-badge-unlocker: スキップ (ok 済み)
[67/260] nodeSolidServer/solid-auth-oidc: スキップ (ok 済み)
[68/260] danielzzz/node-ping: スキップ (ok 済み)
[69/260] decentcms/decentcms: runtime=0, dev=4 (ok)
[70/260] caolan/async: スキップ (ok 済み)
[71/260] snollygolly/paw-wars: スキップ (ok 済み)
[72/260] jshttp/statuses: スキップ (ok 済み)
[73/260] jshttp/type-is: スキップ (ok 済み)
[74/260] tkoenig89/express-static-gzip: runtime=3, dev=5 (ok)
[75/260] stoprocent/bleno: スキップ (ok 済み)
[76/260] forwardemail/email-templates: スキップ (ok 済み)
[77/260] ctimmerm/axios-mock-adapter: スキップ (ok 済み)
[78/260] martinsonuoha/countriesnowapi: スキップ (ok 済み)
[79/260] workable/riviere: runtime=4, dev=11 (ok)
[80/260] jonschlinkert/npmignore: スキップ (ok 済み)
[81/260] avoidwork/keysort: スキップ (ok 済み)
[82/260] crypto-browserify/ripemd160: スキップ (ok 済み)
[83/260] mafintosh/to-buffer: スキップ (ok 済み)
[84/260] raynos/for-each: runtime=1, dev=11 (ok)
[85/260] albertorestifo/node-dijkstra: スキップ (ok 済み)
[86/260] winstonjs/winston-transport: スキップ (ok 済み)
[87/260] vimeo/player.js: スキップ (ok 済み)
[88/260] jsonata-js/jsonata: スキップ (ok 済み)
[89/260] jonkemp/inline-css: runtime=7, dev=12 (ok)
[90/260] entrecode/shiro-trie: スキップ (ok 済み)
[91/260] tshino/compare: スキップ (ok 済み)
[92/260] inaturalist/inaturalistjs: スキップ (ok 済み)
[93/260] firebase/superstatic: スキップ (ok 済み)
[94/260] es-shims/array.prototype.at: runtime=5, dev=12 (ok)
[95/260] hexojs/hexo-html-minifier: スキップ (ok 済み)
[96/260] panva/oidc-token-hash: スキップ (ok 済み)
[97/260] howardabrams/node-mocks-http: スキップ (ok 済み)
[98/260] africastalkingltd/africastalking-node.js: スキップ (ok 済み)
[99/260] x-profiler/xtransit: runtime=11, dev=7 (ok)
[100/260] nodeshift/openshift-rest-client: スキップ (ok 済み)
[101/260] jpdias/node-red-contrib-self-healing: スキップ (ok 済み)
[102/260] expressjs/serve-static: スキップ (ok 済み)
[103/260] strongloop/loopback-datasource-juggler: スキップ (ok 済み)
[104/260] jshttp/accepts: runtime=2, dev=10 (ok)
[105/260] opentok/opentok-node: スキップ (ok 済み)
[106/260] recurly/recurly-client-node: スキップ (ok 済み)
[107/260] aliyun/darabonba-php-generator: スキップ (ok 済み)
[108/260] ljharb/html-element-map: スキップ (ok 済み)
[109/260] log4js-node/log4js-node: runtime=5, dev=19 (ok)
[110/260] pillarjs/router: スキップ (ok 済み)
[111/260] alallier/reload: スキップ (ok 済み)
[112/260] yahoo/fetchr: スキップ (ok 済み)
[113/260] lovell/limax: スキップ (ok 済み)
[114/260] twg/devour: runtime=6, dev=10 (ok)
[115/260] amqp/rhea: スキップ (ok 済み)
[116/260] sinonjs/nise: スキップ (ok 済み)
[117/260] eexit/ghost-storage-cloudinary: スキップ (ok 済み)
[118/260] fastify/secure-json-parse: スキップ (ok 済み)
[119/260] mabunixda/node-red-contrib-alexa-home: runtime=4, dev=12 (ok)
[120/260] solid/oidc-auth-manager: スキップ (ok 済み)
[121/260] aliyun/darabonba-go-generator: スキップ (ok 済み)
[122/260] expressjs/compression: スキップ (ok 済み)
[123/260] jshttp/http-errors: スキップ (ok 済み)
[124/260] confuser/graphql-constraint-directive: runtime=3, dev=11 (ok)
[125/260] mattiasw/exifreader: スキップ (ok 済み)
[126/260] pactumjs/pactum: スキップ (ok 済み)
[127/260] expressjs/session: スキップ (ok 済み)
[128/260] jshttp/vary: スキップ (ok 済み)
[129/260] expressjs/response-time: runtime=2, dev=11 (ok)
[130/260] jshttp/fresh: スキップ (ok 済み)
[131/260] jshttp/range-parser: スキップ (ok 済み)
[132/260] expressjs/serve-index: スキップ (ok 済み)
[133/260] nfischer/shelljs-exec-proxy: スキップ (ok 済み)
[134/260] macedigital/express-xml-bodyparser: runtime=1, dev=6 (ok)
[135/260] expressjs/express: スキップ (ok 済み)
[136/260] inspect-js/is-generator-function: スキップ (ok 済み)
[137/260] inspect-js/is-symbol: スキップ (ok 済み)
[138/260] mastercard/client-encryption-nodejs: スキップ (ok 済み)
[139/260] inspect-js/is-arguments: runtime=2, dev=14 (ok)
[140/260] grimmdude/midiwriterjs: スキップ (ok 済み)
[141/260] zazoomauro/node-dependency-injection: スキップ (ok 済み)
[142/260] barzik/branch-name-lint: スキップ (ok 済み)
[143/260] sap/odata-library: スキップ (ok 済み)
[144/260] scurker/currency.js: runtime=0, dev=28 (ok)
[145/260] mcollina/fastq: スキップ (ok 済み)
[146/260] razorpay/razorpay-node: スキップ (ok 済み)
[147/260] parse-community/node-apn: スキップ (ok 済み)
[148/260] hex-ci/vscode-stylelint-plus: スキップ (ok 済み)
[149/260] remy/nodemon: runtime=10, dev=11 (ok)
[150/260] appfeel/node-pushnotifications: スキップ (ok 済み)
[151/260] gulpjs/gulp: スキップ (ok 済み)
[152/260] ramda/ramda: スキップ (ok 済み)
[153/260] aliyun/darabonba: スキップ (ok 済み)
[154/260] alheimsins/b5-johnson-120-ipip-neo-pi-r: runtime=0, dev=4 (ok)
[155/260] architect/functions: スキップ (ok 済み)
[156/260] a-synchronous/rubico: スキップ (ok 済み)
[157/260] nock/nock: スキップ (ok 済み)
[158/260] nodeshift/opossum: スキップ (ok 済み)
[159/260] smartbear/swaggerhub-cli: runtime=12, dev=16 (ok)
[160/260] strongloop/loopback-connector-soap: スキップ (ok 済み)
[161/260] jashkenas/underscore: スキップ (ok 済み)
[162/260] screwdriver-cd/screwdriver: スキップ (ok 済み)
[163/260] jshttp/compressible: スキップ (ok 済み)
[164/260] evanshortiss/lintspaces-cli: runtime=5, dev=6 (ok)
[165/260] cmaurer/relative.time.parser: スキップ (ok 済み)
[166/260] leodutra/simpleflakes: スキップ (ok 済み)
[167/260] lenchv/jks-js: スキップ (ok 済み)
[168/260] jhnns/rewire: スキップ (ok 済み)
[169/260] expressjs/errorhandler: runtime=2, dev=10 (ok)
[170/260] rsuite/schema-typed: スキップ (ok 済み)
[171/260] akamai/akamaiopen-edgegrid-node: スキップ (ok 済み)
[172/260] eyevinn/hls-vodtolive: スキップ (ok 済み)
[173/260] auth0/express-openid-connect: スキップ (ok 済み)
[174/260] expressjs/cors: runtime=2, dev=6 (ok)
[175/260] expressjs/body-parser: スキップ (ok 済み)
[176/260] jshttp/mime-types: スキップ (ok 済み)
[177/260] jshttp/mime-db: スキップ (ok 済み)
[178/260] substack/tape: スキップ (ok 済み)
[179/260] postmanlabs/newman: runtime=21, dev=20 (ok)
[180/260] sap/less-openui5: スキップ (ok 済み)
[181/260] sap/ui5-logger: スキップ (ok 済み)
[182/260] shelljs/shelljs: スキップ (ok 済み)
[183/260] architect/architect: スキップ (ok 済み)
[184/260] turbo87/eslint-plugin-chai-expect: runtime=0, dev=7 (ok)
[185/260] codekie/openapi-examples-validator: スキップ (ok 済み)
[186/260] ota-meshi/eslint-plugin-lodash-template: スキップ (ok 済み)
[187/260] sinonjs/fake-timers: スキップ (ok 済み)
[188/260] lvgl/lv_font_conv: スキップ (ok 済み)
[189/260] pvdlg/issue-parser: runtime=5, dev=7 (ok)
[190/260] jshttp/proxy-addr: スキップ (ok 済み)
[191/260] lucianbuzzo/dungeoneer: スキップ (ok 済み)
[192/260] auth0/node-jwks-rsa: スキップ (ok 済み)
[193/260] share/sharedb: スキップ (ok 済み)
[194/260] hertzg/node-net-keepalive: runtime=1, dev=19 (ok)
[195/260] aliyun/darabonba-java-generator: スキップ (ok 済み)
[196/260] tunnckocore/is-async-function: スキップ (ok 済み)
[197/260] elastic/elasticsearch-js-mock: スキップ (ok 済み)
[198/260] nikku/eslint-plugin-license-header: スキップ (ok 済み)
[199/260] jshttp/media-typer: runtime=0, dev=9 (ok)
[200/260] crypto-browserify/browserify-sign: スキップ (ok 済み)
[201/260] dwyl/javascript-todo-list-tutorial: スキップ (ok 済み)
[202/260] wikimedia/html-metadata: スキップ (ok 済み)
[203/260] chartmogul/chartmogul-node: スキップ (ok 済み)
[204/260] crypto-browserify/pbkdf2: runtime=6, dev=15 (ok)
[205/260] joshpiper/gmodstore-deployment: スキップ (ok 済み)
[206/260] backendstack21/0http: スキップ (ok 済み)
[207/260] mastercard/insomnia-plugin-mastercard: スキップ (ok 済み)
[208/260] mobilefirstllc/shortcuts-for-chrome: スキップ (ok 済み)
[209/260] davideviolante/pr-reviews-reminder-action: runtime=2, dev=5 (ok)
[210/260] acuminous/tripitaka: スキップ (ok 済み)
[211/260] lvgl/lv_i18n: スキップ (ok 済み)
[212/260] thedumbterminal/jsonschema-bigquery: スキップ (ok 済み)
[213/260] expressjs/cookie-session: スキップ (ok 済み)
[214/260] savjee/savjeecoin: runtime=2, dev=10 (ok)
[215/260] sarbbottam/eslint-find-rules: スキップ (ok 済み)
[216/260] node-oauth/node-oauth2-server: スキップ (ok 済み)
[217/260] sloops77/eslint-plugin-better-mutation: スキップ (ok 済み)
[218/260] michaelwoods/onstar2mqtt: スキップ (ok 済み)
[219/260] wh-iterabb-it/meowfacts: runtime=4, dev=9 (ok)
[220/260] immobiliare/fastify-sentry: スキップ (ok 済み)
[221/260] aller-couleur/handlebars-i18n: スキップ (ok 済み)
[222/260] weiran-zsd/eslint-plugin-node: スキップ (ok 済み)
[223/260] bugcrowd/ecs-deployment-monitor: スキップ (ok 済み)
[224/260] inspect-js/is-async-function: runtime=5, dev=20 (ok)
[225/260] pillarjs/hbs: スキップ (ok 済み)
[226/260] recursivefunk/good-env: スキップ (ok 済み)
[227/260] yahoo/subscribe-ui-event: スキップ (ok 済み)
[228/260] hexojs/hexo-generator-feed: スキップ (ok 済み)
[229/260] mozilla/eslint-plugin-no-unsanitized: runtime=0, dev=12 (ok)
[230/260] toomuchdesign/postcss-nested-ancestors: スキップ (ok 済み)
[231/260] aron123/node-barion: スキップ (ok 済み)
[232/260] inspect-js/is-core-module: スキップ (ok 済み)
[233/260] ljharb/npmignore: スキップ (ok 済み)
[234/260] parse-community/parse-server-api-mail-adapter: runtime=1, dev=24 (ok)
[235/260] sourcefuse/loopback4-s3: スキップ (ok 済み)
[236/260] sourcefuse/loopback4-helmet: スキップ (ok 済み)
[237/260] link2aws/link2aws.github.io: スキップ (ok 済み)
[238/260] mongoosejs/kareem: スキップ (ok 済み)
[239/260] github/emergency-pull-request-probot-app: runtime=3, dev=5 (ok)
[240/260] davideviolante/ocr-space-api-wrapper: スキップ (ok 済み)
[241/260] nodesolidserver/oidc-auth-manager: スキップ (ok 済み)
[242/260] homebridge/bonjour: スキップ (ok 済み)
[243/260] eslint-community/eslint-plugin-n: スキップ (ok 済み)
[244/260] ljharb/tape: runtime=23, dev=20 (ok)
[245/260] minimistjs/minimist: スキップ (ok 済み)
[246/260] wikimedia/eslint-plugin-no-jquery: スキップ (ok 済み)
[247/260] imagekit-developer/imagekit-javascript: スキップ (ok 済み)
[248/260] yaronn/xml-crypto: スキップ (ok 済み)
[249/260] rowanmanning/varname: runtime=0, dev=6 (ok)
[250/260] jeremydaly/lambda-warmer: スキップ (ok 済み)
[251/260] postmanlabs/graphql-to-postman: スキップ (ok 済み)
[252/260] shelljs/shx: スキップ (ok 済み)
[253/260] stream-utils/raw-body: スキップ (ok 済み)
[254/260] totaltechgeek/json-logic-engine: runtime=0, dev=13 (ok)
[255/260] davideviolante/gender-detection-from-name: スキップ (ok 済み)
[256/260] ota-meshi/postcss-html: スキップ (ok 済み)
[257/260] devour-js/devour-client: スキップ (ok 済み)
[258/260] eugef/node-mocks-http: スキップ (ok 済み)
[259/260] browserify/pbkdf2: runtime=6, dev=15 (ok)
[260/260] timbru31/spigot-anti-piracy-backend: スキップ (ok 済み)

完了: /work/rintaro-k/research/RQ1/Analyze/dependency_counts.csv

=== サマリー ===
取得成功:   260 / 260 リポジトリ
runtime_deps  — 平均: 4.6, 中央値: 3, 最大: 66
dev_deps      — 平均: 12.4, 中央値: 11, 最大: 38
total_deps    — 平均: 17.0, 中央値: 14, 最大: 87
