=== Job Info ===
Job ID:  4230804
Node:    cc21cluster25
Python:  /work/rintaro-k/.pyenv/shims/python3 (Python 3.10.19)
================
トークン数: 5
リポジトリ数: 260
[1/260] lovell/detect-libc: runtime=0, dev=7
[2/260] jkyberneees/0http: runtime=3, dev=9
[3/260] netreconlab/parse-server-any-analytics-adapter: runtime=1, dev=12
  HTTP 401: nodeshift/faas-js-runtime
[4/260] nodeshift/faas-js-runtime: runtime=-1, dev=-1
[5/260] nodeshift/kube-service-bindings: runtime=0, dev=8
[6/260] saneef/eleventy-plugin-asciidoc: runtime=4, dev=11
[7/260] stephenyeargin/hubot-grafana: runtime=2, dev=11
[8/260] evervault/evervault-node: runtime=6, dev=15
  HTTP 401: ljharb/shell-quote
[9/260] ljharb/shell-quote: runtime=-1, dev=-1
[10/260] oculus42/short-uuid: runtime=1, dev=9
[11/260] es-shims/string.prototype.padstart: runtime=5, dev=12
[12/260] es-shims/string.prototype.trim: runtime=7, dev=13
[13/260] jojoee/leo-profanity: runtime=0, dev=9
  HTTP 401: piecioshka/brute-force-generator
[14/260] piecioshka/brute-force-generator: runtime=-1, dev=-1
[15/260] sercheo87/convert-postman-jmeter: runtime=3, dev=8
[16/260] browserify/browserify-sign: runtime=9, dev=10
[17/260] node-oauth/express-oauth-server: runtime=1, dev=9
[18/260] browserify/crypto-browserify: runtime=12, dev=9
  HTTP 401: DavideViolante/useragents-me-api
[19/260] DavideViolante/useragents-me-api: runtime=-1, dev=-1
[20/260] tape-testing/tape: runtime=23, dev=20
[21/260] DavideViolante/weird-to-normal-chars: runtime=0, dev=4
[22/260] semantic-release/issue-parser: runtime=5, dev=7
[23/260] mastercard/insomnia-plugin-mastercard-auth: runtime=6, dev=12
  HTTP 401: es-shims/object.getownpropertydescriptors
[24/260] es-shims/object.getownpropertydescriptors: runtime=-1, dev=-1
[25/260] pillarjs/send: runtime=11, dev=11
[26/260] inspect-js/object-inspect: runtime=0, dev=24
[27/260] shamil/socket.io-prometheus: runtime=0, dev=8
[28/260] jshttp/on-finished: runtime=1, dev=9
  HTTP 401: eugeneware/unique-stream
[29/260] eugeneware/unique-stream: runtime=-1, dev=-1
[30/260] ladjs/web: runtime=43, dev=17
[31/260] launchdarkly/js-eventsource: runtime=0, dev=10
[32/260] dwyl/hapi-auth-jwt2: runtime=3, dev=14
[33/260] vkarpov15/kareem: runtime=0, dev=5
  HTTP 401: pillarjs/encodeurl
[34/260] pillarjs/encodeurl: runtime=-1, dev=-1
[35/260] pillarjs/finalhandler: runtime=6, dev=10
[36/260] heroku/node-heroku-client: runtime=2, dev=6
[37/260] SuitestAutomation/suitest-js-api: runtime=25, dev=11
[38/260] browserify/hash-base: runtime=4, dev=7
  HTTP 401: the-sz/TrackViewer
[39/260] the-sz/TrackViewer: runtime=-1, dev=-1
[40/260] aliyun/darabonba-typescript-generator: runtime=2, dev=3
[41/260] dougmoscrop/serverless-plugin-log-subscription: runtime=0, dev=6
[42/260] kt3k/bulbo: runtime=10, dev=6
[43/260] ifwe/monocle-api: runtime=7, dev=17
  HTTP 401: airpixelspro/expressss
[44/260] airpixelspro/expressss: runtime=-1, dev=-1
[45/260] rowanmanning/feed-parser: runtime=2, dev=8
[46/260] apigee/openapi2apigee: runtime=11, dev=12
[47/260] expressjs/cookie-parser: runtime=2, dev=10
[48/260] expressjs/serve-favicon: runtime=5, dev=11
  HTTP 401: brianc/node-pg-types
[49/260] brianc/node-pg-types: runtime=-1, dev=-1
[50/260] lfortin/node-os-monitor: runtime=0, dev=13
[51/260] yahoo/ycb: runtime=0, dev=4
[52/260] sap/cf-nodejs-logging-support: runtime=6, dev=22
[53/260] gulpjs/gulp-cli: runtime=12, dev=14
  HTTP 401: jshttp/on-headers
[54/260] jshttp/on-headers: runtime=-1, dev=-1
[55/260] homebridge/dbus-native: runtime=6, dev=10
[56/260] browserify/to-buffer: runtime=3, dev=13
[57/260] expressjs/morgan: runtime=5, dev=11
[58/260] jshttp/negotiator: runtime=0, dev=4
  HTTP 401: mastercard/oauth1-signer-nodejs
[59/260] mastercard/oauth1-signer-nodejs: runtime=-1, dev=-1
[60/260] kenany/chemical-formula: runtime=3, dev=9
[61/260] browserify/ripemd160: runtime=2, dev=8
[62/260] AxiosLeo/node-orm-mysql: runtime=3, dev=11
[63/260] w3c/insafe: runtime=0, dev=3
  HTTP 401: niksy/stylelint-no-unresolved-module
[64/260] niksy/stylelint-no-unresolved-module: runtime=-1, dev=-1
[65/260] auth0/auth0-checkmate: runtime=16, dev=7
[66/260] HenkerX64/node-steam-badge-unlocker: runtime=0, dev=10
[67/260] nodeSolidServer/solid-auth-oidc: runtime=1, dev=15
[68/260] danielzzz/node-ping: runtime=0, dev=28
  HTTP 401: decentcms/decentcms
[69/260] decentcms/decentcms: runtime=-1, dev=-1
[70/260] caolan/async: runtime=0, dev=37
[71/260] snollygolly/paw-wars: runtime=12, dev=8
[72/260] jshttp/statuses: runtime=0, dev=12
[73/260] jshttp/type-is: runtime=3, dev=9
  HTTP 401: tkoenig89/express-static-gzip
[74/260] tkoenig89/express-static-gzip: runtime=-1, dev=-1
[75/260] stoprocent/bleno: runtime=4, dev=20
[76/260] forwardemail/email-templates: runtime=7, dev=18
[77/260] ctimmerm/axios-mock-adapter: runtime=2, dev=8
[78/260] martinsonuoha/countriesnowapi: runtime=13, dev=18
  HTTP 401: workable/riviere
[79/260] workable/riviere: runtime=-1, dev=-1
[80/260] jonschlinkert/npmignore: runtime=2, dev=9
[81/260] avoidwork/keysort: runtime=0, dev=8
[82/260] crypto-browserify/ripemd160: runtime=2, dev=8
[83/260] mafintosh/to-buffer: runtime=3, dev=13
  HTTP 401: raynos/for-each
[84/260] raynos/for-each: runtime=-1, dev=-1
[85/260] albertorestifo/node-dijkstra: runtime=0, dev=17
[86/260] winstonjs/winston-transport: runtime=3, dev=12
[87/260] vimeo/player.js: runtime=2, dev=32
[88/260] jsonata-js/jsonata: runtime=0, dev=17
  HTTP 401: jonkemp/inline-css
[89/260] jonkemp/inline-css: runtime=-1, dev=-1
[90/260] entrecode/shiro-trie: runtime=0, dev=11
[91/260] tshino/compare: runtime=0, dev=4
[92/260] inaturalist/inaturalistjs: runtime=3, dev=20
[93/260] firebase/superstatic: runtime=16, dev=29
  HTTP 401: es-shims/array.prototype.at
[94/260] es-shims/array.prototype.at: runtime=-1, dev=-1
[95/260] hexojs/hexo-html-minifier: runtime=2, dev=5
[96/260] panva/oidc-token-hash: runtime=0, dev=4
[97/260] howardabrams/node-mocks-http: runtime=10, dev=18
[98/260] africastalkingltd/africastalking-node.js: runtime=4, dev=7
  HTTP 401: x-profiler/xtransit
[99/260] x-profiler/xtransit: runtime=-1, dev=-1
[100/260] nodeshift/openshift-rest-client: runtime=2, dev=14
[101/260] jpdias/node-red-contrib-self-healing: runtime=10, dev=13
[102/260] expressjs/serve-static: runtime=4, dev=10
[103/260] strongloop/loopback-datasource-juggler: runtime=13, dev=13
  HTTP 401: jshttp/accepts
[104/260] jshttp/accepts: runtime=-1, dev=-1
[105/260] opentok/opentok-node: runtime=7, dev=8
[106/260] recurly/recurly-client-node: runtime=0, dev=9
[107/260] aliyun/darabonba-php-generator: runtime=4, dev=11
[108/260] ljharb/html-element-map: runtime=2, dev=13
  HTTP 401: log4js-node/log4js-node
[109/260] log4js-node/log4js-node: runtime=-1, dev=-1
[110/260] pillarjs/router: runtime=5, dev=6
[111/260] alallier/reload: runtime=8, dev=5
[112/260] yahoo/fetchr: runtime=1, dev=14
[113/260] lovell/limax: runtime=3, dev=6
  HTTP 401: twg/devour
[114/260] twg/devour: runtime=-1, dev=-1
[115/260] amqp/rhea: runtime=1, dev=13
[116/260] sinonjs/nise: runtime=4, dev=16
[117/260] eexit/ghost-storage-cloudinary: runtime=9, dev=7
[118/260] fastify/secure-json-parse: runtime=0, dev=8
  HTTP 401: mabunixda/node-red-contrib-alexa-home
[119/260] mabunixda/node-red-contrib-alexa-home: runtime=-1, dev=-1
[120/260] solid/oidc-auth-manager: runtime=12, dev=13
[121/260] aliyun/darabonba-go-generator: runtime=2, dev=4
[122/260] expressjs/compression: runtime=7, dev=11
[123/260] jshttp/http-errors: runtime=5, dev=9
  HTTP 401: confuser/graphql-constraint-directive
[124/260] confuser/graphql-constraint-directive: runtime=-1, dev=-1
[125/260] mattiasw/exifreader: runtime=0, dev=23
[126/260] pactumjs/pactum: runtime=12, dev=4
[127/260] expressjs/session: runtime=8, dev=8
[128/260] jshttp/vary: runtime=0, dev=12
  HTTP 401: expressjs/response-time
[129/260] expressjs/response-time: runtime=-1, dev=-1
[130/260] jshttp/fresh: runtime=0, dev=11
[131/260] jshttp/range-parser: runtime=0, dev=10
[132/260] expressjs/serve-index: runtime=7, dev=6
[133/260] nfischer/shelljs-exec-proxy: runtime=1, dev=8
  HTTP 401: macedigital/express-xml-bodyparser
[134/260] macedigital/express-xml-bodyparser: runtime=-1, dev=-1
[135/260] expressjs/express: runtime=28, dev=16
[136/260] inspect-js/is-generator-function: runtime=5, dev=19
[137/260] inspect-js/is-symbol: runtime=3, dev=19
[138/260] mastercard/client-encryption-nodejs: runtime=1, dev=9
  HTTP 401: inspect-js/is-arguments
[139/260] inspect-js/is-arguments: runtime=-1, dev=-1
[140/260] grimmdude/midiwriterjs: runtime=1, dev=25
[141/260] zazoomauro/node-dependency-injection: runtime=8, dev=27
[142/260] barzik/branch-name-lint: runtime=2, dev=7
[143/260] sap/odata-library: runtime=5, dev=11
  HTTP 401: scurker/currency.js
[144/260] scurker/currency.js: runtime=-1, dev=-1
[145/260] mcollina/fastq: runtime=1, dev=8
[146/260] razorpay/razorpay-node: runtime=1, dev=11
[147/260] parse-community/node-apn: runtime=4, dev=17
[148/260] hex-ci/vscode-stylelint-plus: runtime=0, dev=27
  HTTP 401: remy/nodemon
[149/260] remy/nodemon: runtime=-1, dev=-1
[150/260] appfeel/node-pushnotifications: runtime=5, dev=18
[151/260] gulpjs/gulp: runtime=4, dev=8
[152/260] ramda/ramda: runtime=0, dev=31
[153/260] aliyun/darabonba: runtime=2, dev=5
  HTTP 401: alheimsins/b5-johnson-120-ipip-neo-pi-r
[154/260] alheimsins/b5-johnson-120-ipip-neo-pi-r: runtime=-1, dev=-1
[155/260] architect/functions: runtime=13, dev=19
[156/260] a-synchronous/rubico: runtime=0, dev=6
[157/260] nock/nock: runtime=3, dev=25
[158/260] nodeshift/opossum: runtime=0, dev=23
  HTTP 401: smartbear/swaggerhub-cli
[159/260] smartbear/swaggerhub-cli: runtime=-1, dev=-1
[160/260] strongloop/loopback-connector-soap: runtime=4, dev=6
[161/260] jashkenas/underscore: runtime=0, dev=17
[162/260] screwdriver-cd/screwdriver: runtime=66, dev=21
[163/260] jshttp/compressible: runtime=1, dev=9
  HTTP 401: evanshortiss/lintspaces-cli
[164/260] evanshortiss/lintspaces-cli: runtime=-1, dev=-1
[165/260] cmaurer/relative.time.parser: runtime=1, dev=16
[166/260] leodutra/simpleflakes: runtime=0, dev=10
[167/260] lenchv/jks-js: runtime=3, dev=3
[168/260] jhnns/rewire: runtime=2, dev=7
  HTTP 401: expressjs/errorhandler
[169/260] expressjs/errorhandler: runtime=-1, dev=-1
[170/260] rsuite/schema-typed: runtime=1, dev=20
[171/260] akamai/akamaiopen-edgegrid-node: runtime=2, dev=6
[172/260] eyevinn/hls-vodtolive: runtime=4, dev=5
[173/260] auth0/express-openid-connect: runtime=12, dev=26
  HTTP 401: expressjs/cors
[174/260] expressjs/cors: runtime=-1, dev=-1
[175/260] expressjs/body-parser: runtime=9, dev=10
[176/260] jshttp/mime-types: runtime=1, dev=9
[177/260] jshttp/mime-db: runtime=0, dev=13
[178/260] substack/tape: runtime=23, dev=20
  HTTP 401: postmanlabs/newman
[179/260] postmanlabs/newman: runtime=-1, dev=-1
[180/260] sap/less-openui5: runtime=3, dev=10
[181/260] sap/ui5-logger: runtime=3, dev=19
[182/260] shelljs/shelljs: runtime=2, dev=11
[183/260] architect/architect: runtime=11, dev=6
  HTTP 401: turbo87/eslint-plugin-chai-expect
[184/260] turbo87/eslint-plugin-chai-expect: runtime=-1, dev=-1
[185/260] codekie/openapi-examples-validator: runtime=14, dev=31
[186/260] ota-meshi/eslint-plugin-lodash-template: runtime=3, dev=38
[187/260] sinonjs/fake-timers: runtime=1, dev=15
[188/260] lvgl/lv_font_conv: runtime=7, dev=12
  HTTP 401: pvdlg/issue-parser
[189/260] pvdlg/issue-parser: runtime=-1, dev=-1
[190/260] jshttp/proxy-addr: runtime=2, dev=12
[191/260] lucianbuzzo/dungeoneer: runtime=3, dev=9
[192/260] auth0/node-jwks-rsa: runtime=5, dev=26
[193/260] share/sharedb: runtime=5, dev=12
  HTTP 401: hertzg/node-net-keepalive
[194/260] hertzg/node-net-keepalive: runtime=-1, dev=-1
[195/260] aliyun/darabonba-java-generator: runtime=5, dev=4
[196/260] tunnckocore/is-async-function: runtime=5, dev=20
[197/260] elastic/elasticsearch-js-mock: runtime=3, dev=6
[198/260] nikku/eslint-plugin-license-header: runtime=1, dev=9
  HTTP 401: jshttp/media-typer
[199/260] jshttp/media-typer: runtime=-1, dev=-1
[200/260] crypto-browserify/browserify-sign: runtime=9, dev=10
[201/260] dwyl/javascript-todo-list-tutorial: runtime=0, dev=8
[202/260] wikimedia/html-metadata: runtime=2, dev=6
[203/260] chartmogul/chartmogul-node: runtime=3, dev=13
  HTTP 401: crypto-browserify/pbkdf2
[204/260] crypto-browserify/pbkdf2: runtime=-1, dev=-1
[205/260] joshpiper/gmodstore-deployment: runtime=6, dev=17
[206/260] backendstack21/0http: runtime=3, dev=9
[207/260] mastercard/insomnia-plugin-mastercard: runtime=6, dev=12
[208/260] mobilefirstllc/shortcuts-for-chrome: runtime=0, dev=5
  HTTP 401: davideviolante/pr-reviews-reminder-action
[209/260] davideviolante/pr-reviews-reminder-action: runtime=-1, dev=-1
[210/260] acuminous/tripitaka: runtime=7, dev=7
[211/260] lvgl/lv_i18n: runtime=0, dev=11
[212/260] thedumbterminal/jsonschema-bigquery: runtime=4, dev=9
[213/260] expressjs/cookie-session: runtime=4, dev=11
  HTTP 401: savjee/savjeecoin
[214/260] savjee/savjeecoin: runtime=-1, dev=-1
[215/260] sarbbottam/eslint-find-rules: runtime=5, dev=26
[216/260] node-oauth/node-oauth2-server: runtime=3, dev=7
[217/260] sloops77/eslint-plugin-better-mutation: runtime=5, dev=12
[218/260] michaelwoods/onstar2mqtt: runtime=6, dev=10
  HTTP 401: wh-iterabb-it/meowfacts
[219/260] wh-iterabb-it/meowfacts: runtime=-1, dev=-1
[220/260] immobiliare/fastify-sentry: runtime=5, dev=28
[221/260] aller-couleur/handlebars-i18n: runtime=4, dev=17
[222/260] weiran-zsd/eslint-plugin-node: runtime=8, dev=29
[223/260] bugcrowd/ecs-deployment-monitor: runtime=9, dev=9
  HTTP 401: inspect-js/is-async-function
[224/260] inspect-js/is-async-function: runtime=-1, dev=-1
[225/260] pillarjs/hbs: runtime=2, dev=6
[226/260] recursivefunk/good-env: runtime=0, dev=4
[227/260] yahoo/subscribe-ui-event: runtime=2, dev=32
[228/260] hexojs/hexo-generator-feed: runtime=2, dev=8
  HTTP 401: mozilla/eslint-plugin-no-unsanitized
[229/260] mozilla/eslint-plugin-no-unsanitized: runtime=-1, dev=-1
[230/260] toomuchdesign/postcss-nested-ancestors: runtime=2, dev=4
[231/260] aron123/node-barion: runtime=2, dev=11
[232/260] inspect-js/is-core-module: runtime=1, dev=11
[233/260] ljharb/npmignore: runtime=2, dev=9
  HTTP 401: parse-community/parse-server-api-mail-adapter
[234/260] parse-community/parse-server-api-mail-adapter: runtime=-1, dev=-1
[235/260] sourcefuse/loopback4-s3: runtime=9, dev=36
[236/260] sourcefuse/loopback4-helmet: runtime=5, dev=31
[237/260] link2aws/link2aws.github.io: runtime=0, dev=7
[238/260] mongoosejs/kareem: runtime=0, dev=5
  HTTP 401: github/emergency-pull-request-probot-app
[239/260] github/emergency-pull-request-probot-app: runtime=-1, dev=-1
[240/260] davideviolante/ocr-space-api-wrapper: runtime=2, dev=5
[241/260] nodesolidserver/oidc-auth-manager: runtime=12, dev=13
[242/260] homebridge/bonjour: runtime=3, dev=5
[243/260] eslint-community/eslint-plugin-n: runtime=8, dev=29
  HTTP 401: ljharb/tape
[244/260] ljharb/tape: runtime=-1, dev=-1
[245/260] minimistjs/minimist: runtime=0, dev=9
[246/260] wikimedia/eslint-plugin-no-jquery: runtime=0, dev=9
[247/260] imagekit-developer/imagekit-javascript: runtime=0, dev=28
[248/260] yaronn/xml-crypto: runtime=3, dev=23
  HTTP 401: rowanmanning/varname
[249/260] rowanmanning/varname: runtime=-1, dev=-1
[250/260] jeremydaly/lambda-warmer: runtime=0, dev=11
[251/260] postmanlabs/graphql-to-postman: runtime=4, dev=16
[252/260] shelljs/shx: runtime=2, dev=11
[253/260] stream-utils/raw-body: runtime=4, dev=9
  HTTP 401: totaltechgeek/json-logic-engine
[254/260] totaltechgeek/json-logic-engine: runtime=-1, dev=-1
[255/260] davideviolante/gender-detection-from-name: runtime=0, dev=4
[256/260] ota-meshi/postcss-html: runtime=4, dev=25
[257/260] devour-js/devour-client: runtime=6, dev=10
[258/260] eugef/node-mocks-http: runtime=10, dev=18
  HTTP 401: browserify/pbkdf2
[259/260] browserify/pbkdf2: runtime=-1, dev=-1
[260/260] timbru31/spigot-anti-piracy-backend: runtime=4, dev=19

完了: /work/rintaro-k/research/RQ1/Analyze/dependency_counts.csv

=== サマリー ===
取得成功: 208 / 260 リポジトリ
runtime_deps  — 平均: 4.6, 中央値: 3, 最大: 66
dev_deps      — 平均: 12.7, 中央値: 11, 最大: 38
total_deps    — 平均: 17.3, 中央値: 15, 最大: 87
