Error: listen tcp 0.0.0.0:11434: bind: address already in use
[?2026h[?25l[1Gpulling manifest ⠋ [K[?25h[?2026l[?2026h[?25l[1Gpulling manifest ⠙ [K[?25h[?2026l[?2026h[?25l[1Gpulling manifest ⠹ [K[?25h[?2026l[?2026h[?25l[1Gpulling manifest ⠸ [K[?25h[?2026l[?2026h[?25l[1Gpulling manifest ⠼ [K[?25h[?2026l[?2026h[?25l[1Gpulling manifest ⠴ [K[?25h[?2026l[?2026h[?25l[1Gpulling manifest ⠦ [K[?25h[?2026l[?2026h[?25l[1Gpulling manifest [K
pulling 667b0c1932bc: 100% ▕██████████████████▏ 4.9 GB                         [K
pulling 948af2743fc7: 100% ▕██████████████████▏ 1.5 KB                         [K
pulling 0ba8f0e314b4: 100% ▕██████████████████▏  12 KB                         [K
pulling 56bb8bd477a5: 100% ▕██████████████████▏   96 B                         [K
pulling 455f34728c9b: 100% ▕██████████████████▏  487 B                         [K
verifying sha256 digest [K
writing manifest [K
success [K[?25h[?2026l
[?2026h[?25l[1Gpulling manifest ⠋ [K[?25h[?2026l[?2026h[?25l[1Gpulling manifest ⠙ [K[?25h[?2026l[?2026h[?25l[1Gpulling manifest ⠹ [K[?25h[?2026l[?2026h[?25l[1Gpulling manifest ⠸ [K[?25h[?2026l[?2026h[?25l[1Gpulling manifest ⠼ [K[?25h[?2026l[?2026h[?25l[1Gpulling manifest ⠴ [K[?25h[?2026l[?2026h[?25l[1Gpulling manifest ⠦ [K[?25h[?2026l[?2026h[?25l[1Gpulling manifest [K
pulling 81fb60c7daa8: 100% ▕██████████████████▏ 3.4 GB                         [K
pulling 7339fa418c9a: 100% ▕██████████████████▏  11 KB                         [K
pulling 9371364b27a5: 100% ▕██████████████████▏   65 B                         [K
pulling de9fed2251b3: 100% ▕██████████████████▏  475 B                         [K
verifying sha256 digest [K
writing manifest [K
success [K[?25h[?2026l
[?2026h[?25l[1Gpulling manifest ⠋ [K[?25h[?2026l[?2026h[?25l[1Gpulling manifest ⠙ [K[?25h[?2026l[?2026h[?25l[1Gpulling manifest ⠹ [K[?25h[?2026l[?2026h[?25l[1Gpulling manifest ⠸ [K[?25h[?2026l[?2026h[?25l[1Gpulling manifest ⠼ [K[?25h[?2026l[?2026h[?25l[1Gpulling manifest ⠴ [K[?25h[?2026l[?2026h[?25l[1Gpulling manifest [K
pulling 59bb50d8116b: 100% ▕██████████████████▏ 3.8 GB                         [K
pulling a3a0e9449cb6: 100% ▕██████████████████▏  13 KB                         [K
pulling 8893e08fa9f9: 100% ▕██████████████████▏   59 B                         [K
pulling 8972a96b8ff1: 100% ▕██████████████████▏  297 B                         [K[?25h[?2026l[?2026h[?25l[A[A[A[A[1Gpulling manifest [K
pulling 59bb50d8116b: 100% ▕██████████████████▏ 3.8 GB                         [K
pulling a3a0e9449cb6: 100% ▕██████████████████▏  13 KB                         [K
pulling 8893e08fa9f9: 100% ▕██████████████████▏   59 B                         [K
pulling 8972a96b8ff1: 100% ▕██████████████████▏  297 B                         [K
pulling 772f510b9558: 100% ▕██████████████████▏  483 B                         [K
verifying sha256 digest [K
writing manifest [K
success [K[?25h[?2026l
